#######################################################3
# run-1
aoi-lucario@Note-shin:~/document/ml-100k$ python3 init.py 
[INFO]   	 2017/06/02 (Friday) - 21:02:03 	load datafile: data.npy	
[DEBUG]   	 2017/06/02 (Friday) - 21:02:03 	points init complete.	
[INFO]   	 2017/06/02 (Friday) - 21:02:03 	matching... loop: 1	
[INFO]   	 2017/06/02 (Friday) - 21:02:15 	move points... loop: 1	
[INFO]   	 2017/06/02 (Friday) - 21:04:28 	matching... loop: 2	
[INFO]   	 2017/06/02 (Friday) - 21:04:46 	cluster complete! loop: 2	
k-means end!
[[ 3.84523821  3.66666675  3.56140351 ...,  3.47948909  3.47948909
   3.47948909]
 [ 3.64444447  3.56603765  3.484375   ...,  3.51219273  3.51219273
   3.51219273]
 [ 3.89830518  3.77464795  3.79999995 ...,  3.59656096  3.59656096
   3.59656096]
 [ 3.85135126  3.68932033  3.53941917 ...,  3.55167723  3.55166221
   3.55164719]
 [ 4.01724148  3.85430455  3.79289937 ...,  3.50766969  3.50766969
   3.50766969]]


#######################################################3
# run-2
aoi-lucario@Note-shin:~/document/ml-100k$ python3 init.py 
[INFO]   	 2017/06/02 (Friday) - 22:37:36 	load datafile: data.npy	
[DEBUG]   	 2017/06/02 (Friday) - 22:37:36 	points init complete.	
[INFO]   	 2017/06/02 (Friday) - 22:37:36 	matching... loop: 1	
[INFO]   	 2017/06/02 (Friday) - 22:37:47 	move points... loop: 1	
[DEBUG]   	 2017/06/02 (Friday) - 22:37:47 	move points by c-functions... loop: 1	
[INFO]   	 2017/06/02 (Friday) - 22:37:47 	matching... loop: 2	
[INFO]   	 2017/06/02 (Friday) - 22:38:03 	cluster complete! loop: 2	
k-means end!
[[ 3.85245895  3.70666671  3.6790123  ...,  3.49045014  3.49045014
   3.49045014]
 [ 5.          4.          4.         ...,  3.6102941   3.6102941
   3.6102941 ]
 [ 5.          4.          4.         ...,  3.6102941   3.6102941
   3.6102941 ]
 [ 5.          4.          4.         ...,  3.6102941   3.6102941
   3.6102941 ]
 [ 5.          4.          4.         ...,  3.6102941   3.6102941
   3.6102941 ]]

#######################################################3
# run-3
aoi-lucario@Note-shin:~/document/ml-100k$ python3 init.py 
[INFO]   	 2017/06/02 (Friday) - 23:36:07 	load datafile: data.npy	
[DEBUG]   	 2017/06/02 (Friday) - 23:36:07 	points init complete.	
[INFO]   	 2017/06/02 (Friday) - 23:36:07 	matching... loop: 1	
[DEBUG]   	 2017/06/02 (Friday) - 23:36:20 	clusting... loop: 1	
[INFO]   	 2017/06/02 (Friday) - 23:36:20 	move points... loop: 1	
[DEBUG]   	 2017/06/02 (Friday) - 23:36:20 	move points by c-functions... loop: 1	
[INFO]   	 2017/06/02 (Friday) - 23:36:20 	matching... loop: 2	
[DEBUG]   	 2017/06/02 (Friday) - 23:36:34 	clusting... loop: 2	
[INFO]   	 2017/06/02 (Friday) - 23:36:34 	move points... loop: 2	
[DEBUG]   	 2017/06/02 (Friday) - 23:36:34 	move points by c-functions... loop: 2	
[INFO]   	 2017/06/02 (Friday) - 23:36:34 	matching... loop: 3	
[DEBUG]   	 2017/06/02 (Friday) - 23:36:47 	clusting... loop: 3	
[INFO]   	 2017/06/02 (Friday) - 23:36:47 	move points... loop: 3	
[DEBUG]   	 2017/06/02 (Friday) - 23:36:47 	move points by c-functions... loop: 3	
[INFO]   	 2017/06/02 (Friday) - 23:36:47 	matching... loop: 4	
[DEBUG]   	 2017/06/02 (Friday) - 23:37:01 	clusting... loop: 4	
[INFO]   	 2017/06/02 (Friday) - 23:37:01 	move points... loop: 4	
[DEBUG]   	 2017/06/02 (Friday) - 23:37:01 	move points by c-functions... loop: 4	
[INFO]   	 2017/06/02 (Friday) - 23:37:01 	matching... loop: 5	
[DEBUG]   	 2017/06/02 (Friday) - 23:37:15 	clusting... loop: 5	
[INFO]   	 2017/06/02 (Friday) - 23:37:15 	move points... loop: 5	
[DEBUG]   	 2017/06/02 (Friday) - 23:37:15 	move points by c-functions... loop: 5	
[INFO]   	 2017/06/02 (Friday) - 23:37:15 	matching... loop: 6	
[DEBUG]   	 2017/06/02 (Friday) - 23:37:32 	clusting... loop: 6	
[INFO]   	 2017/06/02 (Friday) - 23:37:32 	move points... loop: 6	
[DEBUG]   	 2017/06/02 (Friday) - 23:37:32 	move points by c-functions... loop: 6	
[INFO]   	 2017/06/02 (Friday) - 23:37:32 	matching... loop: 7	
[DEBUG]   	 2017/06/02 (Friday) - 23:37:49 	clusting... loop: 7	
[INFO]   	 2017/06/02 (Friday) - 23:37:49 	move points... loop: 7	
[DEBUG]   	 2017/06/02 (Friday) - 23:37:49 	move points by c-functions... loop: 7	
[INFO]   	 2017/06/02 (Friday) - 23:37:49 	matching... loop: 8	
[DEBUG]   	 2017/06/02 (Friday) - 23:38:02 	clusting... loop: 8	
[INFO]   	 2017/06/02 (Friday) - 23:38:02 	move points... loop: 8	
[DEBUG]   	 2017/06/02 (Friday) - 23:38:02 	move points by c-functions... loop: 8	
[INFO]   	 2017/06/02 (Friday) - 23:38:02 	matching... loop: 9	
[DEBUG]   	 2017/06/02 (Friday) - 23:38:21 	clusting... loop: 9	
[INFO]   	 2017/06/02 (Friday) - 23:38:21 	move points... loop: 9	
[DEBUG]   	 2017/06/02 (Friday) - 23:38:21 	move points by c-functions... loop: 9	
[INFO]   	 2017/06/02 (Friday) - 23:38:21 	matching... loop: 10	
[DEBUG]   	 2017/06/02 (Friday) - 23:38:37 	clusting... loop: 10	
[INFO]   	 2017/06/02 (Friday) - 23:38:37 	move points... loop: 10	
[DEBUG]   	 2017/06/02 (Friday) - 23:38:37 	move points by c-functions... loop: 10	
[INFO]   	 2017/06/02 (Friday) - 23:38:37 	matching... loop: 11	
[DEBUG]   	 2017/06/02 (Friday) - 23:38:53 	clusting... loop: 11	
[INFO]   	 2017/06/02 (Friday) - 23:38:53 	move points... loop: 11	
[DEBUG]   	 2017/06/02 (Friday) - 23:38:53 	move points by c-functions... loop: 11	
[INFO]   	 2017/06/02 (Friday) - 23:38:53 	matching... loop: 12	
[DEBUG]   	 2017/06/02 (Friday) - 23:39:09 	clusting... loop: 12	
[INFO]   	 2017/06/02 (Friday) - 23:39:09 	move points... loop: 12	
[DEBUG]   	 2017/06/02 (Friday) - 23:39:09 	move points by c-functions... loop: 12	
[INFO]   	 2017/06/02 (Friday) - 23:39:09 	matching... loop: 13	
[DEBUG]   	 2017/06/02 (Friday) - 23:39:26 	clusting... loop: 13	
[INFO]   	 2017/06/02 (Friday) - 23:39:26 	move points... loop: 13	
[DEBUG]   	 2017/06/02 (Friday) - 23:39:26 	move points by c-functions... loop: 13	
[INFO]   	 2017/06/02 (Friday) - 23:39:26 	matching... loop: 14	
[INFO]   	 2017/06/02 (Friday) - 23:39:43 	cluster complete! loop: 14	
k-means end!
[ 3.81967211  2.9122808   3.07407403  3.71153855  3.02564096  3.27272725
  3.89839578  3.94186044  4.17948723  3.92307687  3.93859649  4.405797
  3.49494958  4.0625      3.43689322  3.0869565   3.42553186  2.5
  3.75757575  3.59523821  2.42857146  4.11627913  4.2474227   3.44318175
  3.42105269  3.38888884  2.82352948  3.77419353  2.55999994  3.84210515
  3.47142863  3.93877554  3.46808505  3.          1.          1.75        2.5
  2.60784316  3.43181825  2.73076916  3.33333325  3.92405057  2.92307687
  3.44736838  4.05555534  3.55555558  3.77333331  4.15789461  3.
  4.40170956  3.22580647  3.840909    3.08823538  3.02272725  3.9375
  4.47191     4.05555534  3.72727275  4.2608695   4.34375     4.0999999
  3.04999995  2.54838705  4.49599981  3.39622641  3.05769229  2.82222223
  3.5625      3.72058821  3.5999999   3.51250005  3.14035082  3.20000005
  2.4000001   4.          3.39285707  3.13333344  2.090909    3.8599999
  2.72727275  3.84482765  3.57798171  4.08860779  2.83333325  2.90625
  4.01470566  3.86792445  3.25        4.28358221  3.26829267  3.64705873
  3.86885238  3.8125      2.66037726  3.60439563  3.99242425  3.61904764
  4.33950615  3.79365087  4.2652173 ]
[ 3.74626875  3.70000005  3.          3.37037039  3.42857146  4.          3.5
  3.94117641  3.70833325  3.57142854  3.54054046  4.37142849  3.21052623
  3.70588231  4.30188656  3.4000001   3.18181825  2.5         3.875       2.
  3.5         4.42307711  3.45000005  4.          3.51063824  2.88888884
  3.66666675  4.          2.83333325  4.          3.86206889  3.375
  3.44444442  0.          1.          1.5         2.          3.4545455
  2.875       3.88888884  3.20000005  3.78947377  3.          3.66666675
  3.88888884  3.          3.42857146  4.53846169  3.5         4.15957451
  3.94117641  3.5999999   3.35714293  3.31578946  3.36363626  3.9818182
  4.80000019  3.53125     4.25        3.5         4.          3.05555558
  3.21428561  4.44444466  3.83999991  3.87096763  3.21428561  3.0625
  3.87096763  3.70731711  4.06521749  3.16000009  3.70000005  0.          4.
  3.42857146  3.55555558  2.75        4.21818161  2.66666675  3.81818175
  3.95555544  4.0869565   3.33333325  2.909091    3.68421054  4.39130449
  3.75609756  3.70370364  3.5         3.347826    2.91666675  3.5
  2.9545455   4.22727251  3.95555544  4.11320734  4.23880577  3.68571424
  3.73972607]
[ 4.10638285  3.59375     2.909091    3.38095236  3.56521749  3.20000005
  3.77941179  3.83999991  3.40983605  3.9000001   3.78571439  4.35416651
  2.66666675  3.5999999   3.95588231  3.66666675  2.33333325  3.          4.
  2.70000005  2.7391305   4.21538448  4.          3.090909    3.21875
  3.41666675  3.36363626  4.19999981  3.17857146  4.          3.84375
  2.875       3.51999998  0.          2.625       2.4000001   1.
  3.48387098  3.11764717  2.64285707  3.18181825  3.38888884  3.
  3.42105269  3.30769229  2.66666675  2.71428561  3.5         3.43478251
  4.55000019  3.30434775  3.46153855  2.18181825  3.75        3.13043475
  3.41176462  3.55555558  3.5454545   3.35714293  3.58333325  3.55555558
  3.51999998  3.652174    4.5454545   3.10526323  3.8599999   3.46428561
  3.20689654  4.17910433  3.57407403  3.98214293  3.4000001   3.66666675
  5.          1.5         3.57142854  3.58823538  2.6875      4.37142849
  3.23076916  2.77777767  4.          4.12903214  3.20000005  3.
  3.70370364  3.74285722  4.          4.          2.6500001   3.22727275
  2.71428561  3.          3.71052623  4.          4.31147528  3.90163946
  4.30000019  3.8780489   4.        ]
[ 3.81355929  3.28571439  3.5         3.21428561  3.          3.5999999
  3.83333325  4.76923084  4.1500001   3.77777767  4.09523821  4.61904764
  3.77777767  4.21428585  3.78947377  3.5         3.          2.5
  4.33333349  3.36363626  2.58333325  3.92307687  4.3499999   3.69565225
  3.73684216  3.79999995  2.5         4.04166651  1.83333337  4.66666651
  3.66666675  4.25        3.          1.          0.          4.          0.
  2.71428561  3.44444442  3.25        2.          3.76923084  3.          2.5
  4.55555534  0.          3.5         4.14285707  3.875       4.24242401
  3.79999995  4.25        3.20000005  3.16666675  4.          4.02857161
  4.5         4.14285707  3.79999995  4.          3.79999995  3.25        3.375
  4.5625      4.44444466  3.625       3.          3.5         3.75862074
  3.909091    4.          2.88888884  3.88888884  0.          0.
  3.16666675  3.38461542  0.          4.03125     2.          3.42857146
  3.61904764  4.15999985  3.          3.          3.9000001   4.16666651
  3.47368431  4.07999992  2.42857146  4.42857122  4.125       3.5625
  3.5454545   3.66666675  3.7391305   3.84210515  4.23684216  3.4000001
  4.34848499]
[ 3.91836739  2.79999995  2.          3.5454545   3.85714293  5.
  3.73170733  3.7391305   3.75757575  3.5454545   3.77272725  4.15999985
  3.55555558  4.          3.61290312  3.          3.08333325  3.5
  4.38461542  4.16666651  3.11111116  3.83999991  4.11764717  3.23076916
  3.5333333   4.16666651  4.25        3.7647059   2.08333325  3.79999995
  3.42857146  3.75        3.55555558  0.          0.          2.          4.
  2.77777767  2.88888884  2.25        2.25        3.73684216  3.25
  2.33333325  4.53846169  4.5         3.77777767  4.36363649  3.5
  4.2608695   3.5999999   3.5         2.92857146  2.909091    3.64285707
  3.75609756  3.66666675  3.31578946  4.0999999   3.72727275  3.4545455
  2.9375      3.16666675  3.84615374  3.55555558  3.46153855  2.66666675
  3.5333333   3.77777767  3.83333325  3.47619057  3.30769229  3.4545455   4.
  0.          3.5         2.64705873  2.          3.89655161  2.66666675
  3.25        3.19047618  3.66666675  2.5         4.19999981  4.375
  3.4666667   3.11764717  4.17647076  2.72727275  3.4375      3.77777767
  4.18181801  2.84615374  3.47058821  3.7647059   3.44444442  4.20930243
  3.33333325  4.22580624]


